[2019-06-18 06:25:04] production.ERROR: RuntimeException: Directory name must not be empty. in C:\xampp729\htdocs\blog\vendor\symfony\finder\Iterator\RecursiveDirectoryIterator.php:52
Stack trace:
#0 C:\xampp729\htdocs\blog\vendor\symfony\finder\Iterator\RecursiveDirectoryIterator.php(52): RecursiveDirectoryIterator->__construct('', 4096)
#1 C:\xampp729\htdocs\blog\vendor\symfony\finder\Finder.php(687): Symfony\Component\Finder\Iterator\RecursiveDirectoryIterator->__construct('', 4096, false)
#2 C:\xampp729\htdocs\blog\vendor\symfony\finder\Finder.php(572): Symfony\Component\Finder\Finder->searchInDirectory('')
#3 C:\xampp729\htdocs\blog\vendor\laravel\framework\src\Illuminate\Foundation\Bootstrap\LoadConfiguration.php(87): Symfony\Component\Finder\Finder->getIterator()
#4 C:\xampp729\htdocs\blog\vendor\laravel\framework\src\Illuminate\Foundation\Bootstrap\LoadConfiguration.php(64): Illuminate\Foundation\Bootstrap\LoadConfiguration->getConfigurationFiles(Object(Illuminate\Foundation\Application))
#5 C:\xampp729\htdocs\blog\vendor\laravel\framework\src\Illuminate\Foundation\Bootstrap\LoadConfiguration.php(39): Illuminate\Foundation\Bootstrap\LoadConfiguration->loadConfigurationFiles(Object(Illuminate\Foundation\Application), Object(Illuminate\Config\Repository))
#6 C:\xampp729\htdocs\blog\vendor\laravel\framework\src\Illuminate\Foundation\Application.php(208): Illuminate\Foundation\Bootstrap\LoadConfiguration->bootstrap(Object(Illuminate\Foundation\Application))
#7 C:\xampp729\htdocs\blog\vendor\laravel\framework\src\Illuminate\Foundation\Console\Kernel.php(267): Illuminate\Foundation\Application->bootstrapWith(Array)
#8 C:\xampp729\htdocs\blog\vendor\laravel\framework\src\Illuminate\Foundation\Console\Kernel.php(114): Illuminate\Foundation\Console\Kernel->bootstrap()
#9 C:\xampp729\htdocs\blog\artisan(35): Illuminate\Foundation\Console\Kernel->handle(Object(Symfony\Component\Console\Input\ArgvInput), Object(Symfony\Component\Console\Output\ConsoleOutput))
#10 {main}  
[2019-06-18 06:26:30] production.ERROR: RuntimeException: Directory name must not be empty. in C:\xampp729\htdocs\blog\vendor\symfony\finder\Iterator\RecursiveDirectoryIterator.php:52
Stack trace:
#0 C:\xampp729\htdocs\blog\vendor\symfony\finder\Iterator\RecursiveDirectoryIterator.php(52): RecursiveDirectoryIterator->__construct('', 4096)
#1 C:\xampp729\htdocs\blog\vendor\symfony\finder\Finder.php(687): Symfony\Component\Finder\Iterator\RecursiveDirectoryIterator->__construct('', 4096, false)
#2 C:\xampp729\htdocs\blog\vendor\symfony\finder\Finder.php(572): Symfony\Component\Finder\Finder->searchInDirectory('')
#3 C:\xampp729\htdocs\blog\vendor\laravel\framework\src\Illuminate\Foundation\Bootstrap\LoadConfiguration.php(87): Symfony\Component\Finder\Finder->getIterator()
#4 C:\xampp729\htdocs\blog\vendor\laravel\framework\src\Illuminate\Foundation\Bootstrap\LoadConfiguration.php(64): Illuminate\Foundation\Bootstrap\LoadConfiguration->getConfigurationFiles(Object(Illuminate\Foundation\Application))
#5 C:\xampp729\htdocs\blog\vendor\laravel\framework\src\Illuminate\Foundation\Bootstrap\LoadConfiguration.php(39): Illuminate\Foundation\Bootstrap\LoadConfiguration->loadConfigurationFiles(Object(Illuminate\Foundation\Application), Object(Illuminate\Config\Repository))
#6 C:\xampp729\htdocs\blog\vendor\laravel\framework\src\Illuminate\Foundation\Application.php(208): Illuminate\Foundation\Bootstrap\LoadConfiguration->bootstrap(Object(Illuminate\Foundation\Application))
#7 C:\xampp729\htdocs\blog\vendor\laravel\framework\src\Illuminate\Foundation\Console\Kernel.php(267): Illuminate\Foundation\Application->bootstrapWith(Array)
#8 C:\xampp729\htdocs\blog\vendor\laravel\framework\src\Illuminate\Foundation\Console\Kernel.php(114): Illuminate\Foundation\Console\Kernel->bootstrap()
#9 C:\xampp729\htdocs\blog\artisan(35): Illuminate\Foundation\Console\Kernel->handle(Object(Symfony\Component\Console\Input\ArgvInput), Object(Symfony\Component\Console\Output\ConsoleOutput))
#10 {main}  
[2019-06-18 08:17:44] production.ERROR: RuntimeException: Directory name must not be empty. in C:\xampp729\htdocs\blog\vendor\symfony\finder\Iterator\RecursiveDirectoryIterator.php:52
Stack trace:
#0 C:\xampp729\htdocs\blog\vendor\symfony\finder\Iterator\RecursiveDirectoryIterator.php(52): RecursiveDirectoryIterator->__construct('', 4096)
#1 C:\xampp729\htdocs\blog\vendor\symfony\finder\Finder.php(687): Symfony\Component\Finder\Iterator\RecursiveDirectoryIterator->__construct('', 4096, false)
#2 C:\xampp729\htdocs\blog\vendor\symfony\finder\Finder.php(572): Symfony\Component\Finder\Finder->searchInDirectory('')
#3 C:\xampp729\htdocs\blog\vendor\laravel\framework\src\Illuminate\Foundation\Bootstrap\LoadConfiguration.php(87): Symfony\Component\Finder\Finder->getIterator()
#4 C:\xampp729\htdocs\blog\vendor\laravel\framework\src\Illuminate\Foundation\Bootstrap\LoadConfiguration.php(64): Illuminate\Foundation\Bootstrap\LoadConfiguration->getConfigurationFiles(Object(Illuminate\Foundation\Application))
#5 C:\xampp729\htdocs\blog\vendor\laravel\framework\src\Illuminate\Foundation\Bootstrap\LoadConfiguration.php(39): Illuminate\Foundation\Bootstrap\LoadConfiguration->loadConfigurationFiles(Object(Illuminate\Foundation\Application), Object(Illuminate\Config\Repository))
#6 C:\xampp729\htdocs\blog\vendor\laravel\framework\src\Illuminate\Foundation\Application.php(208): Illuminate\Foundation\Bootstrap\LoadConfiguration->bootstrap(Object(Illuminate\Foundation\Application))
#7 C:\xampp729\htdocs\blog\vendor\laravel\framework\src\Illuminate\Foundation\Console\Kernel.php(267): Illuminate\Foundation\Application->bootstrapWith(Array)
#8 C:\xampp729\htdocs\blog\vendor\laravel\framework\src\Illuminate\Foundation\Console\Kernel.php(114): Illuminate\Foundation\Console\Kernel->bootstrap()
#9 C:\xampp729\htdocs\blog\artisan(35): Illuminate\Foundation\Console\Kernel->handle(Object(Symfony\Component\Console\Input\ArgvInput), Object(Symfony\Component\Console\Output\ConsoleOutput))
#10 {main}  
